[  0%] Built target tf2_msgs_generate_messages_nodejs
[  0%] Built target geometry_msgs_generate_messages_eus
[  0%] Built target std_msgs_generate_messages_cpp
[  0%] Built target tf2_msgs_generate_messages_cpp
[  0%] Built target rosgraph_msgs_generate_messages_nodejs
[  0%] Built target actionlib_generate_messages_cpp
[  0%] Built target actionlib_msgs_generate_messages_py
[  0%] Built target rosgraph_msgs_generate_messages_py
[  0%] Built target roscpp_generate_messages_cpp
[  0%] Built target roscpp_generate_messages_py
[  0%] Built target sensor_msgs_generate_messages_nodejs
[  0%] Built target sensor_msgs_generate_messages_lisp
[  0%] Built target sensor_msgs_generate_messages_eus
[  0%] Built target webots_ros_generate_messages_nodejs
[  0%] Built target sensor_msgs_generate_messages_cpp
[  0%] Built target std_msgs_generate_messages_py
[  0%] Built target std_msgs_generate_messages_nodejs
[  0%] Built target roscpp_generate_messages_lisp
[  0%] Built target actionlib_generate_messages_lisp
[  0%] Built target std_msgs_generate_messages_lisp
[  0%] Built target tf_generate_messages_eus
[  0%] Built target rosgraph_msgs_generate_messages_lisp
[  0%] Built target actionlib_msgs_generate_messages_eus
[  0%] Built target roscpp_generate_messages_eus
[  0%] Built target webots_ros_generate_messages_cpp
[  0%] Built target roscpp_generate_messages_nodejs
[  0%] Built target webots_ros_generate_messages_lisp
[  0%] Built target webots_ros_generate_messages_eus
[  0%] Built target actionlib_generate_messages_py
[  0%] Built target rosgraph_msgs_generate_messages_eus
[  0%] Built target tf2_msgs_generate_messages_eus
[  0%] Built target sensor_msgs_generate_messages_py
[  0%] Built target geometry_msgs_generate_messages_py
[  0%] Built target geometry_msgs_generate_messages_cpp
[  0%] Built target tf2_msgs_generate_messages_py
[  0%] Built target geometry_msgs_generate_messages_lisp
[  0%] Built target tf_generate_messages_cpp
[  0%] Built target geometry_msgs_generate_messages_nodejs
[  0%] Built target tf_generate_messages_lisp
[  0%] Built target tf_generate_messages_nodejs
[  0%] Built target rosgraph_msgs_generate_messages_cpp
[  0%] Built target actionlib_msgs_generate_messages_cpp
[  0%] Built target actionlib_generate_messages_eus
[  0%] Built target webots_ros_generate_messages_py
[  0%] Built target actionlib_generate_messages_nodejs
[  0%] Built target tf_generate_messages_py
[  0%] Built target std_msgs_generate_messages_eus
[  0%] Built target actionlib_msgs_generate_messages_lisp
[  0%] Built target actionlib_msgs_generate_messages_nodejs
[  0%] Built target tf2_msgs_generate_messages_lisp
[35m[1mScanning dependencies of target localize[0m
[ 16%] [32mBuilding CXX object CMakeFiles/localize.dir/src/localization.cpp.o[0m
[ 50%] Built target dynamic_link_camera
[ 83%] Built target enable
[100%] [32m[1mLinking CXX executable /home/ale/CleaningRobot_RP/CleaningRobot_ws/devel/lib/robot_settings/localize[0m
[100%] Built target localize
