Symlinking /home/ale/CleaningRobot_RP/CleaningRobot_ws/devel/./local_setup.sh
Symlinking /home/ale/CleaningRobot_RP/CleaningRobot_ws/devel/./setup.sh
Symlinking /home/ale/CleaningRobot_RP/CleaningRobot_ws/devel/./local_setup.bash
Symlinking /home/ale/CleaningRobot_RP/CleaningRobot_ws/devel/./local_setup.zsh
Symlinking /home/ale/CleaningRobot_RP/CleaningRobot_ws/devel/./cmake.lock
Symlinking /home/ale/CleaningRobot_RP/CleaningRobot_ws/devel/./setup.zsh
Symlinking /home/ale/CleaningRobot_RP/CleaningRobot_ws/devel/./env.sh
Symlinking /home/ale/CleaningRobot_RP/CleaningRobot_ws/devel/./_setup_util.py
Symlinking /home/ale/CleaningRobot_RP/CleaningRobot_ws/devel/./setup.bash
Symlinking /home/ale/CleaningRobot_RP/CleaningRobot_ws/devel/share/catkin_tools_prebuild/cmake/catkin_tools_prebuildConfig.cmake
Symlinking /home/ale/CleaningRobot_RP/CleaningRobot_ws/devel/share/catkin_tools_prebuild/cmake/catkin_tools_prebuildConfig-version.cmake
Symlinking /home/ale/CleaningRobot_RP/CleaningRobot_ws/devel/lib/pkgconfig/catkin_tools_prebuild.pc
Could not clean linked files.
Traceback (most recent call last):
  File "/usr/lib/python3/dist-packages/catkin_tools/execution/stages.py", line 177, in function_proxy
    return function(logger, event_queue, *args, **kwargs)
  File "/usr/lib/python3/dist-packages/catkin_tools/jobs/catkin.py", line 348, in link_devel_products
    clean_linked_files(logger, event_queue, metadata_path, files_that_collide, files_to_clean, dry_run=False)
  File "/usr/lib/python3/dist-packages/catkin_tools/jobs/catkin.py", line 106, in clean_linked_files
    dest_collisions = dict([(path, int(count)) for path, count in collisions_reader])
  File "/usr/lib/python3/dist-packages/catkin_tools/jobs/catkin.py", line 106, in <listcomp>
    dest_collisions = dict([(path, int(count)) for path, count in collisions_reader])
ValueError: invalid literal for int() with base 10: 'HEAD'

Stage `symlink` failed with arguments:
  package: {'package_format': 1, 'name': 'catkin_tools_prebuild', 'version': '0.0.0', 'version_compatibility': None, 'description': 'This package is used to generate catkin setup files.', 'plaintext_description': 'This package is used to generate catkin setup files.', 'maintainers': [<catkin_pkg.package.Person object at 0x7f97fa30aca0>], 'licenses': ['BSD'], 'urls': [], 'authors': [], 'build_depends': [], 'buildtool_depends': [Dependency(name='catkin')], 'build_export_depends': [], 'buildtool_export_depends': [], 'exec_depends': [], 'test_depends': [], 'doc_depends': [], 'conflicts': [], 'replaces': [], 'group_depends': [], 'member_of_groups': [], 'exports': [], 'filename': '/home/ale/CleaningRobot_RP/CleaningRobot_ws/build/catkin_tools_prebuild/package.xml'}
  package_path: /home/ale/CleaningRobot_RP/CleaningRobot_ws/build/catkin_tools_prebuild
  devel_manifest_path: /home/ale/CleaningRobot_RP/CleaningRobot_ws/.catkin_tools/profiles/default/packages/catkin_tools_prebuild
  source_devel_path: /home/ale/CleaningRobot_RP/CleaningRobot_ws/devel/.private/catkin_tools_prebuild
  dest_devel_path: /home/ale/CleaningRobot_RP/CleaningRobot_ws/devel
  metadata_path: /home/ale/CleaningRobot_RP/CleaningRobot_ws/.catkin_tools/profiles/default
  prebuild: True
