Linked: (/home/ale/CleaningRobot_RP/CleaningRobot_ws/devel/.private/bringup/share/bringup/cmake/bringupConfig.cmake, /home/ale/CleaningRobot_RP/CleaningRobot_ws/devel/share/bringup/cmake/bringupConfig.cmake)
Linked: (/home/ale/CleaningRobot_RP/CleaningRobot_ws/devel/.private/bringup/share/bringup/cmake/bringupConfig-version.cmake, /home/ale/CleaningRobot_RP/CleaningRobot_ws/devel/share/bringup/cmake/bringupConfig-version.cmake)
Linked: (/home/ale/CleaningRobot_RP/CleaningRobot_ws/devel/.private/bringup/lib/bringup/enable, /home/ale/CleaningRobot_RP/CleaningRobot_ws/devel/lib/bringup/enable)
Linked: (/home/ale/CleaningRobot_RP/CleaningRobot_ws/devel/.private/bringup/lib/bringup/dynamic_link_camera, /home/ale/CleaningRobot_RP/CleaningRobot_ws/devel/lib/bringup/dynamic_link_camera)
Linked: (/home/ale/CleaningRobot_RP/CleaningRobot_ws/devel/.private/bringup/lib/pkgconfig/bringup.pc, /home/ale/CleaningRobot_RP/CleaningRobot_ws/devel/lib/pkgconfig/bringup.pc)
Could not clean linked files.
Traceback (most recent call last):
  File "/usr/lib/python3/dist-packages/catkin_tools/execution/stages.py", line 177, in function_proxy
    return function(logger, event_queue, *args, **kwargs)
  File "/usr/lib/python3/dist-packages/catkin_tools/jobs/catkin.py", line 348, in link_devel_products
    clean_linked_files(logger, event_queue, metadata_path, files_that_collide, files_to_clean, dry_run=False)
  File "/usr/lib/python3/dist-packages/catkin_tools/jobs/catkin.py", line 106, in clean_linked_files
    dest_collisions = dict([(path, int(count)) for path, count in collisions_reader])
  File "/usr/lib/python3/dist-packages/catkin_tools/jobs/catkin.py", line 106, in <listcomp>
    dest_collisions = dict([(path, int(count)) for path, count in collisions_reader])
ValueError: invalid literal for int() with base 10: 'HEAD'

Stage `symlink` failed with arguments:
  package: {'package_format': 2, 'name': 'bringup', 'version': '0.0.0', 'version_compatibility': None, 'description': 'The bringup package', 'plaintext_description': 'The bringup package', 'maintainers': [<catkin_pkg.package.Person object at 0x7fd541c81760>], 'licenses': ['MIT'], 'urls': [], 'authors': [], 'build_depends': [Dependency(name='roscpp', evaluated_condition=True), Dependency(name='webots-ros', evaluated_condition=True), Dependency(name='robot_state_publisher', evaluated_condition=True)], 'buildtool_depends': [Dependency(name='catkin', evaluated_condition=True)], 'build_export_depends': [], 'buildtool_export_depends': [], 'exec_depends': [Dependency(name='robot_state_publisher', evaluated_condition=True)], 'test_depends': [], 'doc_depends': [], 'conflicts': [], 'replaces': [], 'group_depends': [], 'member_of_groups': [], 'exports': [], 'filename': '/home/ale/CleaningRobot_RP/CleaningRobot_ws/src/bringup/package.xml'}
  package_path: bringup
  devel_manifest_path: /home/ale/CleaningRobot_RP/CleaningRobot_ws/.catkin_tools/profiles/default/packages/bringup
  source_devel_path: /home/ale/CleaningRobot_RP/CleaningRobot_ws/devel/.private/bringup
  dest_devel_path: /home/ale/CleaningRobot_RP/CleaningRobot_ws/devel
  metadata_path: /home/ale/CleaningRobot_RP/CleaningRobot_ws/.catkin_tools/profiles/default
  prebuild: False
